<?xml version="1.0" encoding="UTF-8"?>
<!-- Generated by org.testng.reporters.JUnitReportReporter -->
<testsuite hostname="Siyaram" failures="0" tests="1" name="product_Module.ToCreateAProductTest" time="11.371" errors="0" timestamp="2023-10-27T16:45:39 IST" skipped="0">
  <testcase classname="product_Module.ToCreateAProductTest" name="toCreateAProductWithVendorInformation" time="11.371"/>
</testsuite> <!-- product_Module.ToCreateAProductTest -->
