<?xml version="1.0" encoding="UTF-8"?>
<!-- Generated by org.testng.reporters.JUnitReportReporter -->
<testsuite hostname="Siyaram" failures="0" tests="1" name="product_Module.ToCreateAProductTest" time="10.008" errors="0" timestamp="2023-10-27T16:47:22 IST" skipped="0">
  <testcase classname="product_Module.ToCreateAProductTest" name="toCreateAProductWithVendorInformation" time="10.008"/>
</testsuite> <!-- product_Module.ToCreateAProductTest -->
